# JRE version: OpenJDK Runtime Environment (8.0_171-b10) (build 1.8.0_171-b10)
# Java VM: OpenJDK 64-Bit Server VM (25.171-b10 mixed mode linux-amd64 compressed oops)
Heap:
 PSYoungGen      total 1623040K, used 234765K [0x0000000758000000, 0x00000007bff00000, 0x00000007c0000000)
  eden space 1549312K, 12% used [0x0000000758000000,0x000000076412b638,0x00000007b6900000)
  from space 73728K, 50% used [0x00000007b6900000,0x00000007b8d18000,0x00000007bb100000)
  to   space 71168K, 0% used [0x00000007bb980000,0x00000007bb980000,0x00000007bff00000)
 ParOldGen       total 166400K, used 46504K [0x0000000688000000, 0x0000000692280000, 0x0000000758000000)
  object space 166400K, 27% used [0x0000000688000000,0x000000068ad6a090,0x0000000692280000)
 Metaspace       used 25701K, capacity 25910K, committed 26112K, reserved 1073152K
  class space    used 2361K, capacity 2444K, committed 2560K, reserved 1048576K
GC Heap History (10 events):
Event: 18.630 GC heap before
{Heap before GC invocations=8 (full 0):
 PSYoungGen      total 690176K, used 341411K [0x0000000758000000, 0x00000007af500000, 0x00000007c0000000)
  eden space 632832K, 44% used [0x0000000758000000,0x000000076956a1d8,0x000000077ea00000)
  from space 57344K, 99% used [0x000000077ea00000,0x00000007821fedf0,0x0000000782200000)
  to   space 82432K, 0% used [0x00000007aa480000,0x00000007aa480000,0x00000007af500000)
 ParOldGen       total 212992K, used 122283K [0x0000000688000000, 0x0000000695000000, 0x0000000758000000)
  object space 212992K, 57% used [0x0000000688000000,0x000000068f76ad00,0x0000000695000000)
 Metaspace       used 20992K, capacity 21120K, committed 21248K, reserved 1069056K
  class space    used 1959K, capacity 2003K, committed 2048K, reserved 1048576K
Event: 18.660 GC heap after
Heap after GC invocations=8 (full 0):
 PSYoungGen      total 1338880K, used 39638K [0x0000000758000000, 0x00000007aec00000, 0x00000007c0000000)
  eden space 1265664K, 0% used [0x0000000758000000,0x0000000758000000,0x00000007a5400000)
  from space 73216K, 54% used [0x00000007aa480000,0x00000007acb35ad8,0x00000007aec00000)
  to   space 77824K, 0% used [0x00000007a5400000,0x00000007a5400000,0x00000007aa000000)
 ParOldGen       total 212992K, used 123307K [0x0000000688000000, 0x0000000695000000, 0x0000000758000000)
  object space 212992K, 57% used [0x0000000688000000,0x000000068f86aca0,0x0000000695000000)
 Metaspace       used 20992K, capacity 21120K, committed 21248K, reserved 1069056K
  class space    used 1959K, capacity 2003K, committed 2048K, reserved 1048576K
}
Event: 18.661 GC heap before
{Heap before GC invocations=9 (full 1):
 PSYoungGen      total 1338880K, used 39638K [0x0000000758000000, 0x00000007aec00000, 0x00000007c0000000)
  eden space 1265664K, 0% used [0x0000000758000000,0x0000000758000000,0x00000007a5400000)
  from space 73216K, 54% used [0x00000007aa480000,0x00000007acb35ad8,0x00000007aec00000)
  to   space 77824K, 0% used [0x00000007a5400000,0x00000007a5400000,0x00000007aa000000)
 ParOldGen       total 212992K, used 123307K [0x0000000688000000, 0x0000000695000000, 0x0000000758000000)
  object space 212992K, 57% used [0x0000000688000000,0x000000068f86aca0,0x0000000695000000)
 Metaspace       used 20992K, capacity 21120K, committed 21248K, reserved 1069056K
  class space    used 1959K, capacity 2003K, committed 2048K, reserved 1048576K
Event: 18.703 GC heap after
Heap after GC invocations=9 (full 1):
 PSYoungGen      total 1338880K, used 0K [0x0000000758000000, 0x00000007aec00000, 0x00000007c0000000)
  eden space 1265664K, 0% used [0x0000000758000000,0x0000000758000000,0x00000007a5400000)
  from space 73216K, 0% used [0x00000007aa480000,0x00000007aa480000,0x00000007aec00000)
  to   space 77824K, 0% used [0x00000007a5400000,0x00000007a5400000,0x00000007aa000000)
 ParOldGen       total 166400K, used 36592K [0x0000000688000000, 0x0000000692280000, 0x0000000758000000)
  object space 166400K, 21% used [0x0000000688000000,0x000000068a3bc070,0x0000000692280000)
 Metaspace       used 20992K, capacity 21120K, committed 21248K, reserved 1069056K
  class space    used 1959K, capacity 2003K, committed 2048K, reserved 1048576K
}
Event: 80.448 GC heap before
{Heap before GC invocations=10 (full 1):
 PSYoungGen      total 1338880K, used 1265664K [0x0000000758000000, 0x00000007aec00000, 0x00000007c0000000)
  eden space 1265664K, 100% used [0x0000000758000000,0x00000007a5400000,0x00000007a5400000)
  from space 73216K, 0% used [0x00000007aa480000,0x00000007aa480000,0x00000007aec00000)
  to   space 77824K, 0% used [0x00000007a5400000,0x00000007a5400000,0x00000007aa000000)
 ParOldGen       total 166400K, used 36592K [0x0000000688000000, 0x0000000692280000, 0x0000000758000000)
  object space 166400K, 21% used [0x0000000688000000,0x000000068a3bc070,0x0000000692280000)
 Metaspace       used 25255K, capacity 25414K, committed 25728K, reserved 1073152K
  class space    used 2312K, capacity 2388K, committed 2432K, reserved 1048576K
Event: 80.576 GC heap after
Heap after GC invocations=10 (full 1):
 PSYoungGen      total 1343488K, used 48804K [0x0000000758000000, 0x00000007c0000000, 0x00000007c0000000)
  eden space 1265664K, 0% used [0x0000000758000000,0x0000000758000000,0x00000007a5400000)
  from space 77824K, 62% used [0x00000007a5400000,0x00000007a83a9100,0x00000007aa000000)
  to   space 76800K, 0% used [0x00000007bb500000,0x00000007bb500000,0x00000007c0000000)
 ParOldGen       total 166400K, used 36600K [0x0000000688000000, 0x0000000692280000, 0x0000000758000000)
  object space 166400K, 21% used [0x0000000688000000,0x000000068a3be070,0x0000000692280000)
 Metaspace       used 25255K, capacity 25414K, committed 25728K, reserved 1073152K
  class space    used 2312K, capacity 2388K, committed 2432K, reserved 1048576K
}
Event: 139.251 GC heap before
{Heap before GC invocations=11 (full 1):
 PSYoungGen      total 1343488K, used 1314468K [0x0000000758000000, 0x00000007c0000000, 0x00000007c0000000)
  eden space 1265664K, 100% used [0x0000000758000000,0x00000007a5400000,0x00000007a5400000)
  from space 77824K, 62% used [0x00000007a5400000,0x00000007a83a9100,0x00000007aa000000)
  to   space 76800K, 0% used [0x00000007bb500000,0x00000007bb500000,0x00000007c0000000)
 ParOldGen       total 166400K, used 36600K [0x0000000688000000, 0x0000000692280000, 0x0000000758000000)
  object space 166400K, 21% used [0x0000000688000000,0x000000068a3be070,0x0000000692280000)
 Metaspace       used 25575K, capacity 25766K, committed 25984K, reserved 1073152K
  class space    used 2348K, capacity 2420K, committed 2432K, reserved 1048576K
Event: 139.342 GC heap after
Heap after GC invocations=11 (full 1):
 PSYoungGen      total 1618944K, used 40839K [0x0000000758000000, 0x00000007bf900000, 0x00000007c0000000)
  eden space 1549312K, 0% used [0x0000000758000000,0x0000000758000000,0x00000007b6900000)
  from space 69632K, 58% used [0x00000007bb500000,0x00000007bdce1cb0,0x00000007bf900000)
  to   space 73728K, 0% used [0x00000007b6900000,0x00000007b6900000,0x00000007bb100000)
 ParOldGen       total 166400K, used 36608K [0x0000000688000000, 0x0000000692280000, 0x0000000758000000)
  object space 166400K, 22% used [0x0000000688000000,0x000000068a3c0070,0x0000000692280000)
 Metaspace       used 25575K, capacity 25766K, committed 25984K, reserved 1073152K
  class space    used 2348K, capacity 2420K, committed 2432K, reserved 1048576K
}
Event: 191.836 GC heap before
{Heap before GC invocations=12 (full 1):
 PSYoungGen      total 1618944K, used 1590151K [0x0000000758000000, 0x00000007bf900000, 0x00000007c0000000)
  eden space 1549312K, 100% used [0x0000000758000000,0x00000007b6900000,0x00000007b6900000)
  from space 69632K, 58% used [0x00000007bb500000,0x00000007bdce1cb0,0x00000007bf900000)
  to   space 73728K, 0% used [0x00000007b6900000,0x00000007b6900000,0x00000007bb100000)
 ParOldGen       total 166400K, used 36608K [0x0000000688000000, 0x0000000692280000, 0x0000000758000000)
  object space 166400K, 22% used [0x0000000688000000,0x000000068a3c0070,0x0000000692280000)
 Metaspace       used 25602K, capacity 25766K, committed 25984K, reserved 1073152K
  class space    used 2348K, capacity 2420K, committed 2432K, reserved 1048576K
Event: 191.947 GC heap after
Heap after GC invocations=12 (full 1):
 PSYoungGen      total 1623040K, used 36960K [0x0000000758000000, 0x00000007bff00000, 0x00000007c0000000)
  eden space 1549312K, 0% used [0x0000000758000000,0x0000000758000000,0x00000007b6900000)
  from space 73728K, 50% used [0x00000007b6900000,0x00000007b8d18000,0x00000007bb100000)
  to   space 71168K, 0% used [0x00000007bb980000,0x00000007bb980000,0x00000007bff00000)
 ParOldGen       total 166400K, used 46504K [0x0000000688000000, 0x0000000692280000, 0x0000000758000000)
  object space 166400K, 27% used [0x0000000688000000,0x000000068ad6a090,0x0000000692280000)
 Metaspace       used 25602K, capacity 25766K, committed 25984K, reserved 1073152K
  class space    used 2348K, capacity 2420K, committed 2432K, reserved 1048576K
}

